  [1m[35m (3.8ms)[0m  [1m[34mSELECT sqlite_version(*)[0m
  [1m[35m (1.5ms)[0m  [1m[35mCREATE TABLE "schema_migrations" ("version" varchar NOT NULL PRIMARY KEY)[0m
  [1m[35m (1.8ms)[0m  [1m[35mCREATE TABLE "ar_internal_metadata" ("key" varchar NOT NULL PRIMARY KEY, "value" varchar, "created_at" datetime(6) NOT NULL, "updated_at" datetime(6) NOT NULL)[0m
  [1m[35m (0.1ms)[0m  [1m[34mSELECT "schema_migrations"."version" FROM "schema_migrations" ORDER BY "schema_migrations"."version" ASC[0m
  [1m[35m (0.1ms)[0m  [1m[34mSELECT "schema_migrations"."version" FROM "schema_migrations" ORDER BY "schema_migrations"."version" ASC[0m
  [1m[35m (0.1ms)[0m  [1m[34mSELECT "schema_migrations"."version" FROM "schema_migrations" ORDER BY "schema_migrations"."version" ASC[0m
  [1m[35m (0.1ms)[0m  [1m[34mSELECT sqlite_version(*)[0m
  [1m[35m (0.1ms)[0m  [1m[34mSELECT "schema_migrations"."version" FROM "schema_migrations" ORDER BY "schema_migrations"."version" ASC[0m
  [1m[35m (1.1ms)[0m  [1m[34mSELECT sqlite_version(*)[0m
  [1m[35m (0.4ms)[0m  [1m[34mSELECT "schema_migrations"."version" FROM "schema_migrations" ORDER BY "schema_migrations"."version" ASC[0m
Migrating to CreateUsers (20200302135149)
  [1m[35m (0.1ms)[0m  [1m[36mbegin transaction[0m
  [1m[35m (0.7ms)[0m  [1m[35mCREATE TABLE "users" ("id" integer PRIMARY KEY AUTOINCREMENT NOT NULL, "username" varchar, "created_at" datetime(6) NOT NULL, "updated_at" datetime(6) NOT NULL)[0m
  [1m[36mprimary::SchemaMigration Create (0.5ms)[0m  [1m[32mINSERT INTO "schema_migrations" ("version") VALUES (?)[0m  [["version", "20200302135149"]]
  [1m[35m (1.2ms)[0m  [1m[36mcommit transaction[0m
Migrating to CreatePlaylists (20200302135409)
  [1m[35m (0.1ms)[0m  [1m[36mbegin transaction[0m
  [1m[35m (0.4ms)[0m  [1m[35mCREATE TABLE "playlists" ("id" integer PRIMARY KEY AUTOINCREMENT NOT NULL, "name" varchar, "user_id" integer NOT NULL, "created_at" datetime(6) NOT NULL, "updated_at" datetime(6) NOT NULL, CONSTRAINT "fk_rails_d67ef1eb45"
FOREIGN KEY ("user_id")
  REFERENCES "users" ("id")
)[0m
  [1m[35m (0.1ms)[0m  [1m[35mCREATE  INDEX "index_playlists_on_user_id" ON "playlists" ("user_id")[0m
  [1m[36mprimary::SchemaMigration Create (0.1ms)[0m  [1m[32mINSERT INTO "schema_migrations" ("version") VALUES (?)[0m  [["version", "20200302135409"]]
  [1m[35m (1.3ms)[0m  [1m[36mcommit transaction[0m
Migrating to CreateTracks (20200302135651)
  [1m[35m (0.1ms)[0m  [1m[36mbegin transaction[0m
  [1m[35m (0.4ms)[0m  [1m[35mCREATE TABLE "tracks" ("id" integer PRIMARY KEY AUTOINCREMENT NOT NULL, "deezer_track_id" integer, "deezer_album_id" integer, "deezer_artist_id" integer, "created_at" datetime(6) NOT NULL, "updated_at" datetime(6) NOT NULL)[0m
  [1m[36mprimary::SchemaMigration Create (0.1ms)[0m  [1m[32mINSERT INTO "schema_migrations" ("version") VALUES (?)[0m  [["version", "20200302135651"]]
  [1m[35m (1.2ms)[0m  [1m[36mcommit transaction[0m
Migrating to CreateTrackPlaylists (20200302135831)
  [1m[35m (0.0ms)[0m  [1m[36mbegin transaction[0m
  [1m[35m (0.5ms)[0m  [1m[35mCREATE TABLE "track_playlists" ("id" integer PRIMARY KEY AUTOINCREMENT NOT NULL, "track_id" integer NOT NULL, "playlist_id" integer NOT NULL, "created_at" datetime(6) NOT NULL, "updated_at" datetime(6) NOT NULL, CONSTRAINT "fk_rails_ce17c2c00d"
FOREIGN KEY ("track_id")
  REFERENCES "tracks" ("id")
, CONSTRAINT "fk_rails_4978341c92"
FOREIGN KEY ("playlist_id")
  REFERENCES "playlists" ("id")
)[0m
  [1m[35m (0.1ms)[0m  [1m[35mCREATE  INDEX "index_track_playlists_on_track_id" ON "track_playlists" ("track_id")[0m
  [1m[35m (0.1ms)[0m  [1m[35mCREATE  INDEX "index_track_playlists_on_playlist_id" ON "track_playlists" ("playlist_id")[0m
  [1m[36mprimary::SchemaMigration Create (0.2ms)[0m  [1m[32mINSERT INTO "schema_migrations" ("version") VALUES (?)[0m  [["version", "20200302135831"]]
  [1m[35m (1.2ms)[0m  [1m[36mcommit transaction[0m
  [1m[36mActiveRecord::InternalMetadata Load (0.5ms)[0m  [1m[34mSELECT "ar_internal_metadata".* FROM "ar_internal_metadata" WHERE "ar_internal_metadata"."key" = ? LIMIT ?[0m  [["key", "environment"], ["LIMIT", 1]]
  [1m[35m (0.1ms)[0m  [1m[36mbegin transaction[0m
  [1m[36mActiveRecord::InternalMetadata Create (0.7ms)[0m  [1m[32mINSERT INTO "ar_internal_metadata" ("key", "value", "created_at", "updated_at") VALUES (?, ?, ?, ?)[0m  [["key", "environment"], ["value", "development"], ["created_at", "2020-03-02 14:05:50.574309"], ["updated_at", "2020-03-02 14:05:50.574309"]]
  [1m[35m (0.8ms)[0m  [1m[36mcommit transaction[0m
  [1m[35m (0.1ms)[0m  [1m[34mSELECT sqlite_version(*)[0m
  [1m[35m (0.1ms)[0m  [1m[34mSELECT "schema_migrations"."version" FROM "schema_migrations" ORDER BY "schema_migrations"."version" ASC[0m
  [1m[35m (1.2ms)[0m  [1m[34mSELECT sqlite_version(*)[0m
  [1m[35m (0.7ms)[0m  [1m[34mSELECT "schema_migrations"."version" FROM "schema_migrations" ORDER BY "schema_migrations"."version" ASC[0m
  [1m[35m (0.1ms)[0m  [1m[34mSELECT sqlite_version(*)[0m
  [1m[35m (0.0ms)[0m  [1m[36mbegin transaction[0m
  [1m[36mUser Create (1.3ms)[0m  [1m[32mINSERT INTO "users" ("username", "created_at", "updated_at") VALUES (?, ?, ?)[0m  [["username", "Jeff"], ["created_at", "2020-03-02 14:12:45.290866"], ["updated_at", "2020-03-02 14:12:45.290866"]]
  [1m[35m (1.0ms)[0m  [1m[36mcommit transaction[0m
  [1m[35m (1.0ms)[0m  [1m[34mSELECT sqlite_version(*)[0m
  [1m[35m (0.6ms)[0m  [1m[34mSELECT "schema_migrations"."version" FROM "schema_migrations" ORDER BY "schema_migrations"."version" ASC[0m
  [1m[35m (0.1ms)[0m  [1m[34mSELECT sqlite_version(*)[0m
  [1m[35m (0.0ms)[0m  [1m[36mbegin transaction[0m
  [1m[36mUser Create (1.5ms)[0m  [1m[32mINSERT INTO "users" ("username", "created_at", "updated_at") VALUES (?, ?, ?)[0m  [["username", "Jeff"], ["created_at", "2020-03-02 14:13:23.401414"], ["updated_at", "2020-03-02 14:13:23.401414"]]
  [1m[35m (1.5ms)[0m  [1m[36mcommit transaction[0m
  [1m[35m (0.1ms)[0m  [1m[36mbegin transaction[0m
  [1m[36mUser Load (0.2ms)[0m  [1m[34mSELECT "users".* FROM "users" WHERE "users"."id" = ? LIMIT ?[0m  [["id", 2], ["LIMIT", 1]]
  [1m[36mPlaylist Create (1.0ms)[0m  [1m[32mINSERT INTO "playlists" ("name", "user_id", "created_at", "updated_at") VALUES (?, ?, ?, ?)[0m  [["name", "funky"], ["user_id", 2], ["created_at", "2020-03-02 14:13:23.445911"], ["updated_at", "2020-03-02 14:13:23.445911"]]
  [1m[35m (1.9ms)[0m  [1m[36mcommit transaction[0m
  [1m[35m (0.1ms)[0m  [1m[36mbegin transaction[0m
  [1m[36mTrack Create (0.5ms)[0m  [1m[32mINSERT INTO "tracks" ("deezer_track_id", "deezer_album_id", "deezer_artist_id", "created_at", "updated_at") VALUES (?, ?, ?, ?, ?)[0m  [["deezer_track_id", 20], ["deezer_album_id", 30], ["deezer_artist_id", 40], ["created_at", "2020-03-02 14:13:23.491029"], ["updated_at", "2020-03-02 14:13:23.491029"]]
  [1m[35m (1.7ms)[0m  [1m[36mcommit transaction[0m
  [1m[35m (0.1ms)[0m  [1m[36mbegin transaction[0m
  [1m[36mTrack Load (0.2ms)[0m  [1m[34mSELECT "tracks".* FROM "tracks" WHERE "tracks"."id" = ? LIMIT ?[0m  [["id", 1], ["LIMIT", 1]]
  [1m[36mPlaylist Load (0.1ms)[0m  [1m[34mSELECT "playlists".* FROM "playlists" WHERE "playlists"."id" = ? LIMIT ?[0m  [["id", 1], ["LIMIT", 1]]
  [1m[36mTrackPlaylist Create (0.9ms)[0m  [1m[32mINSERT INTO "track_playlists" ("track_id", "playlist_id", "created_at", "updated_at") VALUES (?, ?, ?, ?)[0m  [["track_id", 1], ["playlist_id", 1], ["created_at", "2020-03-02 14:13:23.533574"], ["updated_at", "2020-03-02 14:13:23.533574"]]
  [1m[35m (0.9ms)[0m  [1m[36mcommit transaction[0m
  [1m[35m (0.5ms)[0m  [1m[34mSELECT sqlite_version(*)[0m
  [1m[36mUser Load (0.2ms)[0m  [1m[34mSELECT "users".* FROM "users" ORDER BY "users"."id" ASC LIMIT ?[0m  [["LIMIT", 1]]
  [1m[36mPlaylist Load (0.1ms)[0m  [1m[34mSELECT "playlists".* FROM "playlists" WHERE "playlists"."user_id" = ? LIMIT ?[0m  [["user_id", 1], ["LIMIT", 11]]
  [1m[36mUser Load (0.2ms)[0m  [1m[34mSELECT "users".* FROM "users" ORDER BY "users"."id" ASC LIMIT ?[0m  [["LIMIT", 1]]
  [1m[36mUser Load (0.2ms)[0m  [1m[34mSELECT "users".* FROM "users" ORDER BY "users"."id" ASC LIMIT ?[0m  [["LIMIT", 1]]
  [1m[36mPlaylist Load (0.1ms)[0m  [1m[34mSELECT "playlists".* FROM "playlists" WHERE "playlists"."user_id" = ? LIMIT ?[0m  [["user_id", 1], ["LIMIT", 11]]
  [1m[36mUser Load (0.3ms)[0m  [1m[34mSELECT "users".* FROM "users" LIMIT ?[0m  [["LIMIT", 11]]
  [1m[36mPlaylist Load (0.3ms)[0m  [1m[34mSELECT "playlists".* FROM "playlists" LIMIT ?[0m  [["LIMIT", 11]]
  [1m[36mUser Load (0.2ms)[0m  [1m[34mSELECT "users".* FROM "users" ORDER BY "users"."id" ASC LIMIT ?[0m  [["LIMIT", 1]]
  [1m[35m (0.1ms)[0m  [1m[36mbegin transaction[0m
  [1m[36mUser Destroy (0.6ms)[0m  [1m[31mDELETE FROM "users" WHERE "users"."id" = ?[0m  [["id", 1]]
  [1m[35m (1.1ms)[0m  [1m[36mcommit transaction[0m
  [1m[36mUser Load (0.3ms)[0m  [1m[34mSELECT "users".* FROM "users" ORDER BY "users"."id" ASC LIMIT ?[0m  [["LIMIT", 1]]
  [1m[36mPlaylist Load (0.1ms)[0m  [1m[34mSELECT "playlists".* FROM "playlists" WHERE "playlists"."user_id" = ? LIMIT ?[0m  [["user_id", 2], ["LIMIT", 11]]
  [1m[36mUser Load (0.2ms)[0m  [1m[34mSELECT "users".* FROM "users" ORDER BY "users"."id" ASC LIMIT ?[0m  [["LIMIT", 1]]
  [1m[36mPlaylist Load (0.2ms)[0m  [1m[34mSELECT "playlists".* FROM "playlists" WHERE "playlists"."user_id" = ? LIMIT ?[0m  [["user_id", 2], ["LIMIT", 11]]
  [1m[36mUser Load (0.2ms)[0m  [1m[34mSELECT "users".* FROM "users" ORDER BY "users"."id" ASC LIMIT ?[0m  [["LIMIT", 1]]
  [1m[36mPlaylist Load (0.1ms)[0m  [1m[34mSELECT "playlists".* FROM "playlists" WHERE "playlists"."user_id" = ? LIMIT ?[0m  [["user_id", 2], ["LIMIT", 11]]
  [1m[36mPlaylist Load (0.3ms)[0m  [1m[34mSELECT "playlists".* FROM "playlists" ORDER BY "playlists"."id" ASC LIMIT ?[0m  [["LIMIT", 1]]
  [1m[36mPlaylist Load (0.2ms)[0m  [1m[34mSELECT "playlists".* FROM "playlists" ORDER BY "playlists"."id" ASC LIMIT ?[0m  [["LIMIT", 1]]
  [1m[36mTrackPlaylist Load (0.2ms)[0m  [1m[34mSELECT "track_playlists".* FROM "track_playlists" LIMIT ?[0m  [["LIMIT", 11]]
  [1m[36mTrackPlaylist Load (0.3ms)[0m  [1m[34mSELECT "track_playlists".* FROM "track_playlists" ORDER BY "track_playlists"."id" ASC LIMIT ?[0m  [["LIMIT", 1]]
  [1m[36mTrackPlaylist Load (0.2ms)[0m  [1m[34mSELECT "track_playlists".* FROM "track_playlists" ORDER BY "track_playlists"."id" ASC LIMIT ?[0m  [["LIMIT", 1]]
  [1m[36mTrack Load (0.2ms)[0m  [1m[34mSELECT "tracks".* FROM "tracks" WHERE "tracks"."id" = ? LIMIT ?[0m  [["id", 1], ["LIMIT", 1]]
  [1m[36mTrackPlaylist Load (0.3ms)[0m  [1m[34mSELECT "track_playlists".* FROM "track_playlists" ORDER BY "track_playlists"."id" ASC LIMIT ?[0m  [["LIMIT", 1]]
  [1m[36mPlaylist Load (0.2ms)[0m  [1m[34mSELECT "playlists".* FROM "playlists" WHERE "playlists"."id" = ? LIMIT ?[0m  [["id", 1], ["LIMIT", 1]]
  [1m[36mTrack Load (0.3ms)[0m  [1m[34mSELECT "tracks".* FROM "tracks" ORDER BY "tracks"."id" ASC LIMIT ?[0m  [["LIMIT", 1]]
  [1m[36mTrack Load (0.2ms)[0m  [1m[34mSELECT "tracks".* FROM "tracks" ORDER BY "tracks"."id" ASC LIMIT ?[0m  [["LIMIT", 1]]
  [1m[35m (1.5ms)[0m  [1m[34mSELECT sqlite_version(*)[0m
  [1m[36mTrack Load (0.2ms)[0m  [1m[34mSELECT "tracks".* FROM "tracks" ORDER BY "tracks"."id" ASC LIMIT ?[0m  [["LIMIT", 1]]
  [1m[36mPlaylist Load (0.3ms)[0m  [1m[34mSELECT "playlists".* FROM "playlists" INNER JOIN "track_playlists" ON "playlists"."id" = "track_playlists"."playlist_id" WHERE "track_playlists"."track_id" = ? LIMIT ?[0m  [["track_id", 1], ["LIMIT", 11]]
  [1m[36mPlaylist Load (0.3ms)[0m  [1m[34mSELECT "playlists".* FROM "playlists" ORDER BY "playlists"."id" ASC LIMIT ?[0m  [["LIMIT", 1]]
  [1m[35m (0.4ms)[0m  [1m[34mSELECT sqlite_version(*)[0m
  [1m[36mPlaylist Load (0.1ms)[0m  [1m[34mSELECT "playlists".* FROM "playlists" ORDER BY "playlists"."id" ASC LIMIT ?[0m  [["LIMIT", 1]]
  [1m[36mTrack Load (0.2ms)[0m  [1m[34mSELECT "tracks".* FROM "tracks" INNER JOIN "track_playlists" ON "tracks"."id" = "track_playlists"."track_id" WHERE "track_playlists"."playlist_id" = ? LIMIT ?[0m  [["playlist_id", 1], ["LIMIT", 11]]
  [1m[36mUser Load (0.2ms)[0m  [1m[34mSELECT "users".* FROM "users" ORDER BY "users"."id" ASC LIMIT ?[0m  [["LIMIT", 1]]
  [1m[36mPlaylist Load (0.2ms)[0m  [1m[34mSELECT "playlists".* FROM "playlists" WHERE "playlists"."user_id" = ? LIMIT ?[0m  [["user_id", 2], ["LIMIT", 11]]
  [1m[36mUser Load (0.2ms)[0m  [1m[34mSELECT "users".* FROM "users" ORDER BY "users"."id" ASC LIMIT ?[0m  [["LIMIT", 1]]
  [1m[36mPlaylist Load (0.2ms)[0m  [1m[34mSELECT "playlists".* FROM "playlists" WHERE "playlists"."user_id" = ? ORDER BY "playlists"."id" ASC LIMIT ?[0m  [["user_id", 2], ["LIMIT", 1]]
  [1m[36mTrack Load (0.1ms)[0m  [1m[34mSELECT "tracks".* FROM "tracks" INNER JOIN "track_playlists" ON "tracks"."id" = "track_playlists"."track_id" WHERE "track_playlists"."playlist_id" = ? LIMIT ?[0m  [["playlist_id", 1], ["LIMIT", 11]]
  [1m[35m (1.0ms)[0m  [1m[34mSELECT sqlite_version(*)[0m
  [1m[35m (0.2ms)[0m  [1m[34mSELECT "schema_migrations"."version" FROM "schema_migrations" ORDER BY "schema_migrations"."version" ASC[0m
  [1m[35m (0.1ms)[0m  [1m[34mSELECT "schema_migrations"."version" FROM "schema_migrations" ORDER BY "schema_migrations"."version" ASC[0m
  [1m[35m (0.1ms)[0m  [1m[34mSELECT "schema_migrations"."version" FROM "schema_migrations" ORDER BY "schema_migrations"."version" ASC[0m
  [1m[35m (0.1ms)[0m  [1m[34mSELECT "schema_migrations"."version" FROM "schema_migrations" ORDER BY "schema_migrations"."version" ASC[0m
Migrating to CreateTrackPlaylists (20200302135831)
  [1m[35m (0.1ms)[0m  [1m[36mbegin transaction[0m
  [1m[35m (0.6ms)[0m  [1m[35mDROP TABLE "track_playlists"[0m
  [1m[36mprimary::SchemaMigration Destroy (0.5ms)[0m  [1m[31mDELETE FROM "schema_migrations" WHERE "schema_migrations"."version" = ?[0m  [["version", "20200302135831"]]
  [1m[35m (0.9ms)[0m  [1m[36mcommit transaction[0m
  [1m[35m (0.1ms)[0m  [1m[34mSELECT sqlite_version(*)[0m
  [1m[35m (0.1ms)[0m  [1m[34mSELECT "schema_migrations"."version" FROM "schema_migrations" ORDER BY "schema_migrations"."version" ASC[0m
  [1m[35m (0.4ms)[0m  [1m[34mSELECT sqlite_version(*)[0m
  [1m[35m (0.1ms)[0m  [1m[34mSELECT "schema_migrations"."version" FROM "schema_migrations" ORDER BY "schema_migrations"."version" ASC[0m
  [1m[35m (0.1ms)[0m  [1m[34mSELECT "schema_migrations"."version" FROM "schema_migrations" ORDER BY "schema_migrations"."version" ASC[0m
  [1m[35m (0.1ms)[0m  [1m[34mSELECT "schema_migrations"."version" FROM "schema_migrations" ORDER BY "schema_migrations"."version" ASC[0m
  [1m[35m (0.1ms)[0m  [1m[34mSELECT "schema_migrations"."version" FROM "schema_migrations" ORDER BY "schema_migrations"."version" ASC[0m
Migrating to CreateTracks (20200302135651)
  [1m[35m (0.1ms)[0m  [1m[36mbegin transaction[0m
  [1m[35m (0.6ms)[0m  [1m[35mDROP TABLE "tracks"[0m
  [1m[36mprimary::SchemaMigration Destroy (0.1ms)[0m  [1m[31mDELETE FROM "schema_migrations" WHERE "schema_migrations"."version" = ?[0m  [["version", "20200302135651"]]
  [1m[35m (1.0ms)[0m  [1m[36mcommit transaction[0m
  [1m[35m (0.1ms)[0m  [1m[34mSELECT sqlite_version(*)[0m
  [1m[35m (0.1ms)[0m  [1m[34mSELECT "schema_migrations"."version" FROM "schema_migrations" ORDER BY "schema_migrations"."version" ASC[0m
  [1m[35m (1.1ms)[0m  [1m[34mSELECT sqlite_version(*)[0m
  [1m[35m (0.4ms)[0m  [1m[34mSELECT "schema_migrations"."version" FROM "schema_migrations" ORDER BY "schema_migrations"."version" ASC[0m
Migrating to CreateTracks (20200302135651)
  [1m[35m (0.1ms)[0m  [1m[36mbegin transaction[0m
  [1m[35m (0.9ms)[0m  [1m[35mCREATE TABLE "tracks" ("id" integer PRIMARY KEY AUTOINCREMENT NOT NULL, "title" varchar, "duration" integer, "artist" varchar, "cover_small" varchar, "album_title" varchar, "preview" varchar, "deezer_track_id" integer, "deezer_album_id" integer, "deezer_artist_id" integer, "created_at" datetime(6) NOT NULL, "updated_at" datetime(6) NOT NULL)[0m
  [1m[36mprimary::SchemaMigration Create (0.4ms)[0m  [1m[32mINSERT INTO "schema_migrations" ("version") VALUES (?)[0m  [["version", "20200302135651"]]
  [1m[35m (1.0ms)[0m  [1m[36mcommit transaction[0m
Migrating to CreateTrackPlaylists (20200302135831)
  [1m[35m (0.1ms)[0m  [1m[36mbegin transaction[0m
  [1m[35m (0.5ms)[0m  [1m[35mCREATE TABLE "track_playlists" ("id" integer PRIMARY KEY AUTOINCREMENT NOT NULL, "track_id" integer NOT NULL, "playlist_id" integer NOT NULL, "created_at" datetime(6) NOT NULL, "updated_at" datetime(6) NOT NULL, CONSTRAINT "fk_rails_ce17c2c00d"
FOREIGN KEY ("track_id")
  REFERENCES "tracks" ("id")
, CONSTRAINT "fk_rails_4978341c92"
FOREIGN KEY ("playlist_id")
  REFERENCES "playlists" ("id")
)[0m
  [1m[35m (0.2ms)[0m  [1m[35mCREATE  INDEX "index_track_playlists_on_track_id" ON "track_playlists" ("track_id")[0m
  [1m[35m (0.1ms)[0m  [1m[35mCREATE  INDEX "index_track_playlists_on_playlist_id" ON "track_playlists" ("playlist_id")[0m
  [1m[36mprimary::SchemaMigration Create (0.1ms)[0m  [1m[32mINSERT INTO "schema_migrations" ("version") VALUES (?)[0m  [["version", "20200302135831"]]
  [1m[35m (0.9ms)[0m  [1m[36mcommit transaction[0m
  [1m[36mActiveRecord::InternalMetadata Load (0.7ms)[0m  [1m[34mSELECT "ar_internal_metadata".* FROM "ar_internal_metadata" WHERE "ar_internal_metadata"."key" = ? LIMIT ?[0m  [["key", "environment"], ["LIMIT", 1]]
  [1m[35m (0.2ms)[0m  [1m[34mSELECT sqlite_version(*)[0m
  [1m[35m (0.6ms)[0m  [1m[34mSELECT "schema_migrations"."version" FROM "schema_migrations" ORDER BY "schema_migrations"."version" ASC[0m
  [1m[35m (1.0ms)[0m  [1m[34mSELECT sqlite_version(*)[0m
  [1m[36mUser Load (0.4ms)[0m  [1m[34mSELECT "users".* FROM "users" LIMIT ?[0m  [["LIMIT", 11]]
Started GET "/users/3" for ::1 at 2020-03-02 15:23:57 +0000
  [1m[35m (1.8ms)[0m  [1m[34mSELECT sqlite_version(*)[0m
  [1m[35m (0.5ms)[0m  [1m[34mSELECT "schema_migrations"."version" FROM "schema_migrations" ORDER BY "schema_migrations"."version" ASC[0m
Processing by UsersController#show as HTML
  Parameters: {"id"=>"3"}
  [1m[36mUser Load (0.5ms)[0m  [1m[34mSELECT "users".* FROM "users" WHERE "users"."id" = ? LIMIT ?[0m  [["id", 3], ["LIMIT", 1]]
  ↳ app/controllers/users_controller.rb:4:in `show'
Completed 200 OK in 10ms (Views: 0.2ms | ActiveRecord: 0.9ms | Allocations: 2513)


Started GET "/users/2" for ::1 at 2020-03-02 15:24:01 +0000
Processing by UsersController#show as HTML
  Parameters: {"id"=>"2"}
  [1m[36mUser Load (0.1ms)[0m  [1m[34mSELECT "users".* FROM "users" WHERE "users"."id" = ? LIMIT ?[0m  [["id", 2], ["LIMIT", 1]]
  ↳ app/controllers/users_controller.rb:4:in `show'
  [1m[36mPlaylist Load (0.6ms)[0m  [1m[34mSELECT "playlists".* FROM "playlists" WHERE "playlists"."user_id" = ?[0m  [["user_id", 2]]
  ↳ app/controllers/users_controller.rb:5:in `show'
Completed 200 OK in 26ms (Views: 19.7ms | ActiveRecord: 1.6ms | Allocations: 11052)


Started GET "/users/2" for ::1 at 2020-03-02 15:24:15 +0000
  [1m[35m (0.1ms)[0m  [1m[34mSELECT sqlite_version(*)[0m
Processing by UsersController#show as HTML
  Parameters: {"id"=>"2"}
  [1m[36mUser Load (0.1ms)[0m  [1m[34mSELECT "users".* FROM "users" WHERE "users"."id" = ? LIMIT ?[0m  [["id", 2], ["LIMIT", 1]]
  ↳ app/controllers/users_controller.rb:4:in `show'
  [1m[36mPlaylist Load (0.1ms)[0m  [1m[34mSELECT "playlists".* FROM "playlists" WHERE "playlists"."user_id" = ?[0m  [["user_id", 2]]
  ↳ app/controllers/users_controller.rb:5:in `show'
Completed 500 Internal Server Error in 35ms (ActiveRecord: 1.5ms | Allocations: 11849)


  
NoMethodError (undefined method `tracks' for #<User:0x00007f967b399e28>):
  
app/controllers/users_controller.rb:5:in `show'
Started GET "/users/2" for ::1 at 2020-03-02 15:24:45 +0000
  [1m[35m (0.1ms)[0m  [1m[34mSELECT sqlite_version(*)[0m
Processing by UsersController#show as HTML
  Parameters: {"id"=>"2"}
  [1m[36mUser Load (0.1ms)[0m  [1m[34mSELECT "users".* FROM "users" WHERE "users"."id" = ? LIMIT ?[0m  [["id", 2], ["LIMIT", 1]]
  ↳ app/controllers/users_controller.rb:4:in `show'
  [1m[36mPlaylist Load (0.1ms)[0m  [1m[34mSELECT "playlists".* FROM "playlists" WHERE "playlists"."user_id" = ?[0m  [["user_id", 2]]
  ↳ app/controllers/users_controller.rb:5:in `show'
Completed 500 Internal Server Error in 27ms (ActiveRecord: 2.1ms | Allocations: 12006)


  
NoMethodError (undefined method `track_playlists' for #<User:0x00007f967bfb84e8>):
  
app/controllers/users_controller.rb:5:in `show'
Started GET "/users/2" for ::1 at 2020-03-02 15:24:51 +0000
  [1m[35m (0.1ms)[0m  [1m[34mSELECT sqlite_version(*)[0m
Processing by UsersController#show as HTML
  Parameters: {"id"=>"2"}
  [1m[36mUser Load (0.1ms)[0m  [1m[34mSELECT "users".* FROM "users" WHERE "users"."id" = ? LIMIT ?[0m  [["id", 2], ["LIMIT", 1]]
  ↳ app/controllers/users_controller.rb:4:in `show'
  [1m[36mPlaylist Load (0.1ms)[0m  [1m[34mSELECT "playlists".* FROM "playlists" WHERE "playlists"."user_id" = ?[0m  [["user_id", 2]]
  ↳ app/controllers/users_controller.rb:5:in `show'
Completed 200 OK in 15ms (Views: 7.4ms | ActiveRecord: 1.5ms | Allocations: 9941)


  [1m[35m (0.4ms)[0m  [1m[34mSELECT sqlite_version(*)[0m
  [1m[36mTrack Load (0.5ms)[0m  [1m[34mSELECT "tracks".* FROM "tracks" LIMIT ?[0m  [["LIMIT", 11]]
Started GET "/users/2" for ::1 at 2020-03-02 15:26:50 +0000
  [1m[35m (0.4ms)[0m  [1m[34mSELECT sqlite_version(*)[0m
  [1m[35m (0.2ms)[0m  [1m[34mSELECT "schema_migrations"."version" FROM "schema_migrations" ORDER BY "schema_migrations"."version" ASC[0m
Processing by UsersController#show as HTML
  Parameters: {"id"=>"2"}
  [1m[36mUser Load (0.2ms)[0m  [1m[34mSELECT "users".* FROM "users" WHERE "users"."id" = ? LIMIT ?[0m  [["id", 2], ["LIMIT", 1]]
  ↳ app/controllers/users_controller.rb:4:in `show'
  [1m[36mPlaylist Load (0.2ms)[0m  [1m[34mSELECT "playlists".* FROM "playlists" WHERE "playlists"."user_id" = ?[0m  [["user_id", 2]]
  ↳ app/controllers/users_controller.rb:5:in `show'
Completed 500 Internal Server Error in 29ms (ActiveRecord: 2.0ms | Allocations: 14928)


  
NoMethodError (undefined method `tracks' for #<User:0x00007fd72d9441a0>):
  
app/controllers/users_controller.rb:5:in `show'
Started GET "/users/2" for ::1 at 2020-03-02 15:28:31 +0000
  [1m[35m (0.1ms)[0m  [1m[34mSELECT sqlite_version(*)[0m
  
SyntaxError (/Users/sam/Documents/GitHub/MOD3/Trackster/Trackster/app/controllers/users_controller.rb:5: syntax error, unexpected '}', expecting =>
..., include: [playlists:{:tracks}]
...                              ^):
  
app/controllers/users_controller.rb:5: syntax error, unexpected '}', expecting =>
app/controllers/users_controller.rb:5: syntax error, unexpected '}', expecting =>
Started GET "/users/2" for ::1 at 2020-03-02 15:29:21 +0000
  [1m[35m (0.1ms)[0m  [1m[34mSELECT sqlite_version(*)[0m
Processing by UsersController#show as HTML
  Parameters: {"id"=>"2"}
  [1m[36mUser Load (0.1ms)[0m  [1m[34mSELECT "users".* FROM "users" WHERE "users"."id" = ? LIMIT ?[0m  [["id", 2], ["LIMIT", 1]]
  ↳ app/controllers/users_controller.rb:4:in `show'
  [1m[36mPlaylist Load (0.1ms)[0m  [1m[34mSELECT "playlists".* FROM "playlists" WHERE "playlists"."user_id" = ?[0m  [["user_id", 2]]
  ↳ app/controllers/users_controller.rb:5:in `show'
Completed 200 OK in 15ms (Views: 7.8ms | ActiveRecord: 1.4ms | Allocations: 10059)


Started GET "/users/2" for ::1 at 2020-03-02 15:31:41 +0000
  [1m[35m (0.1ms)[0m  [1m[34mSELECT sqlite_version(*)[0m
  
SyntaxError (/Users/sam/Documents/GitHub/MOD3/Trackster/Trackster/app/controllers/users_controller.rb:6: syntax error, unexpected end, expecting ')'
    end
    ^~~):
  
app/controllers/users_controller.rb:6: syntax error, unexpected end, expecting ')'
app/controllers/users_controller.rb:6: syntax error, unexpected end, expecting ')'
Started GET "/users/2" for ::1 at 2020-03-02 15:31:59 +0000
  [1m[35m (0.1ms)[0m  [1m[34mSELECT sqlite_version(*)[0m
Processing by UsersController#show as HTML
  Parameters: {"id"=>"2"}
  [1m[36mUser Load (0.4ms)[0m  [1m[34mSELECT "users".* FROM "users" WHERE "users"."id" = ? LIMIT ?[0m  [["id", 2], ["LIMIT", 1]]
  ↳ app/controllers/users_controller.rb:4:in `show'
  [1m[36mPlaylist Load (0.1ms)[0m  [1m[34mSELECT "playlists".* FROM "playlists" WHERE "playlists"."user_id" = ?[0m  [["user_id", 2]]
  ↳ app/controllers/users_controller.rb:5:in `show'
Completed 500 Internal Server Error in 16ms (ActiveRecord: 1.7ms | Allocations: 9629)


  
TypeError (no implicit conversion of Symbol into Integer):
  
app/controllers/users_controller.rb:5:in `show'
Started GET "/users/2" for ::1 at 2020-03-02 15:36:26 +0000
  [1m[35m (0.1ms)[0m  [1m[34mSELECT sqlite_version(*)[0m
Processing by UsersController#show as HTML
  Parameters: {"id"=>"2"}
  [1m[36mUser Load (0.1ms)[0m  [1m[34mSELECT "users".* FROM "users" WHERE "users"."id" = ? LIMIT ?[0m  [["id", 2], ["LIMIT", 1]]
  ↳ app/controllers/users_controller.rb:4:in `show'
  [1m[36mPlaylist Load (0.1ms)[0m  [1m[34mSELECT "playlists".* FROM "playlists" WHERE "playlists"."user_id" = ?[0m  [["user_id", 2]]
  ↳ app/controllers/users_controller.rb:5:in `show'
Completed 500 Internal Server Error in 27ms (ActiveRecord: 1.5ms | Allocations: 11887)


  
NoMethodError (undefined method `track_playlist' for #<User:0x00007fd72ca63e38>):
  
app/controllers/users_controller.rb:5:in `show'
Started GET "/users/2" for ::1 at 2020-03-02 15:36:38 +0000
  [1m[35m (0.1ms)[0m  [1m[34mSELECT sqlite_version(*)[0m
Processing by UsersController#show as HTML
  Parameters: {"id"=>"2"}
  [1m[36mUser Load (0.2ms)[0m  [1m[34mSELECT "users".* FROM "users" WHERE "users"."id" = ? LIMIT ?[0m  [["id", 2], ["LIMIT", 1]]
  ↳ app/controllers/users_controller.rb:4:in `show'
  [1m[36mPlaylist Load (0.1ms)[0m  [1m[34mSELECT "playlists".* FROM "playlists" WHERE "playlists"."user_id" = ?[0m  [["user_id", 2]]
  ↳ app/controllers/users_controller.rb:5:in `show'
Completed 500 Internal Server Error in 35ms (ActiveRecord: 1.5ms | Allocations: 11903)


  
NoMethodError (undefined method `track_playlists' for #<User:0x00007fd72d1b4b38>):
  
app/controllers/users_controller.rb:5:in `show'
Started GET "/users/2" for ::1 at 2020-03-02 15:36:51 +0000
  [1m[35m (0.1ms)[0m  [1m[34mSELECT sqlite_version(*)[0m
Processing by UsersController#show as HTML
  Parameters: {"id"=>"2"}
  [1m[36mUser Load (0.1ms)[0m  [1m[34mSELECT "users".* FROM "users" WHERE "users"."id" = ? LIMIT ?[0m  [["id", 2], ["LIMIT", 1]]
  ↳ app/controllers/users_controller.rb:4:in `show'
Completed 500 Internal Server Error in 20ms (ActiveRecord: 0.7ms | Allocations: 6350)


  
NoMethodError (undefined method `playlist' for #<User:0x00007fd72cb88480>
Did you mean?  playlists
               playlists=):
  
app/controllers/users_controller.rb:5:in `show'
Started GET "/users/2" for ::1 at 2020-03-02 15:36:56 +0000
  [1m[35m (0.1ms)[0m  [1m[34mSELECT sqlite_version(*)[0m
Processing by UsersController#show as HTML
  Parameters: {"id"=>"2"}
  [1m[36mUser Load (0.1ms)[0m  [1m[34mSELECT "users".* FROM "users" WHERE "users"."id" = ? LIMIT ?[0m  [["id", 2], ["LIMIT", 1]]
  ↳ app/controllers/users_controller.rb:4:in `show'
  [1m[36mPlaylist Load (0.1ms)[0m  [1m[34mSELECT "playlists".* FROM "playlists" WHERE "playlists"."user_id" = ?[0m  [["user_id", 2]]
  ↳ app/controllers/users_controller.rb:5:in `show'
Completed 200 OK in 23ms (Views: 7.6ms | ActiveRecord: 9.9ms | Allocations: 9928)


Started GET "/users/2" for ::1 at 2020-03-02 15:38:21 +0000
  [1m[35m (0.1ms)[0m  [1m[34mSELECT sqlite_version(*)[0m
  
SyntaxError (/Users/sam/Documents/GitHub/MOD3/Trackster/Trackster/app/controllers/users_controller.rb:5: syntax error, unexpected '}', expecting =>
...ude => [:playlists => {:tracks}]  
...                              ^):
  
app/controllers/users_controller.rb:5: syntax error, unexpected '}', expecting =>
app/controllers/users_controller.rb:5: syntax error, unexpected '}', expecting =>
Started GET "/users/2" for ::1 at 2020-03-02 15:44:13 +0000
  [1m[35m (0.1ms)[0m  [1m[34mSELECT sqlite_version(*)[0m
Processing by UsersController#show as HTML
  Parameters: {"id"=>"2"}
  [1m[36mUser Load (0.1ms)[0m  [1m[34mSELECT "users".* FROM "users" WHERE "users"."id" = ? LIMIT ?[0m  [["id", 2], ["LIMIT", 1]]
  ↳ app/controllers/users_controller.rb:4:in `show'
  [1m[36mPlaylist Load (0.1ms)[0m  [1m[34mSELECT "playlists".* FROM "playlists" WHERE "playlists"."user_id" = ?[0m  [["user_id", 2]]
  ↳ app/controllers/users_controller.rb:5:in `show'
Completed 200 OK in 17ms (Views: 8.9ms | ActiveRecord: 1.7ms | Allocations: 10086)


Started GET "/users/2" for ::1 at 2020-03-02 15:44:32 +0000
  [1m[35m (0.1ms)[0m  [1m[34mSELECT sqlite_version(*)[0m
  
SyntaxError (/Users/sam/Documents/GitHub/MOD3/Trackster/Trackster/app/controllers/users_controller.rb:5: syntax error, unexpected '}', expecting =>
...ude => [:playlists => {:tracks}]  
...                              ^):
  
app/controllers/users_controller.rb:5: syntax error, unexpected '}', expecting =>
app/controllers/users_controller.rb:5: syntax error, unexpected '}', expecting =>
Started GET "/favicon.ico" for ::1 at 2020-03-02 15:44:32 +0000
  
ActionController::RoutingError (No route matches [GET] "/favicon.ico"):
  
actionpack (6.0.2.1) lib/action_dispatch/middleware/debug_exceptions.rb:36:in `call'
actionpack (6.0.2.1) lib/action_dispatch/middleware/show_exceptions.rb:33:in `call'
railties (6.0.2.1) lib/rails/rack/logger.rb:38:in `call_app'
railties (6.0.2.1) lib/rails/rack/logger.rb:26:in `block in call'
activesupport (6.0.2.1) lib/active_support/tagged_logging.rb:80:in `block in tagged'
activesupport (6.0.2.1) lib/active_support/tagged_logging.rb:28:in `tagged'
activesupport (6.0.2.1) lib/active_support/tagged_logging.rb:80:in `tagged'
railties (6.0.2.1) lib/rails/rack/logger.rb:26:in `call'
actionpack (6.0.2.1) lib/action_dispatch/middleware/remote_ip.rb:81:in `call'
actionpack (6.0.2.1) lib/action_dispatch/middleware/request_id.rb:27:in `call'
rack (2.2.2) lib/rack/runtime.rb:22:in `call'
activesupport (6.0.2.1) lib/active_support/cache/strategy/local_cache_middleware.rb:29:in `call'
actionpack (6.0.2.1) lib/action_dispatch/middleware/executor.rb:14:in `call'
actionpack (6.0.2.1) lib/action_dispatch/middleware/static.rb:126:in `call'
rack (2.2.2) lib/rack/sendfile.rb:110:in `call'
actionpack (6.0.2.1) lib/action_dispatch/middleware/host_authorization.rb:83:in `call'
rack-cors (1.1.1) lib/rack/cors.rb:100:in `call'
railties (6.0.2.1) lib/rails/engine.rb:526:in `call'
puma (4.3.3) lib/puma/configuration.rb:228:in `call'
puma (4.3.3) lib/puma/server.rb:682:in `handle_request'
puma (4.3.3) lib/puma/server.rb:472:in `process_client'
puma (4.3.3) lib/puma/server.rb:328:in `block in run'
puma (4.3.3) lib/puma/thread_pool.rb:134:in `block in spawn_thread'
Started GET "/users/2" for ::1 at 2020-03-02 15:44:59 +0000
  [1m[35m (0.1ms)[0m  [1m[34mSELECT sqlite_version(*)[0m
  
SyntaxError (/Users/sam/Documents/GitHub/MOD3/Trackster/Trackster/app/controllers/users_controller.rb:5: syntax error, unexpected '}', expecting =>
...laylists, :include => {:tracks}]  
...                              ^):
  
app/controllers/users_controller.rb:5: syntax error, unexpected '}', expecting =>
app/controllers/users_controller.rb:5: syntax error, unexpected '}', expecting =>
Started GET "/users/2" for ::1 at 2020-03-02 15:45:17 +0000
  [1m[35m (0.1ms)[0m  [1m[34mSELECT sqlite_version(*)[0m
Processing by UsersController#show as HTML
  Parameters: {"id"=>"2"}
  [1m[36mUser Load (0.1ms)[0m  [1m[34mSELECT "users".* FROM "users" WHERE "users"."id" = ? LIMIT ?[0m  [["id", 2], ["LIMIT", 1]]
  ↳ app/controllers/users_controller.rb:4:in `show'
  [1m[36mPlaylist Load (0.3ms)[0m  [1m[34mSELECT "playlists".* FROM "playlists" WHERE "playlists"."user_id" = ?[0m  [["user_id", 2]]
  ↳ app/controllers/users_controller.rb:5:in `show'
Completed 500 Internal Server Error in 20ms (ActiveRecord: 1.4ms | Allocations: 11981)


  
NoMethodError (undefined method `include' for #<User:0x00007fd72ec6a978>):
  
app/controllers/users_controller.rb:5:in `show'
Started GET "/users/2" for ::1 at 2020-03-02 15:46:30 +0000
  [1m[35m (0.1ms)[0m  [1m[34mSELECT sqlite_version(*)[0m
Processing by UsersController#show as HTML
  Parameters: {"id"=>"2"}
  [1m[36mUser Load (0.1ms)[0m  [1m[34mSELECT "users".* FROM "users" WHERE "users"."id" = ? LIMIT ?[0m  [["id", 2], ["LIMIT", 1]]
  ↳ app/controllers/users_controller.rb:4:in `show'
  [1m[36mPlaylist Load (0.2ms)[0m  [1m[34mSELECT "playlists".* FROM "playlists" WHERE "playlists"."user_id" = ?[0m  [["user_id", 2]]
  ↳ app/controllers/users_controller.rb:5:in `show'
Completed 200 OK in 16ms (Views: 8.9ms | ActiveRecord: 1.5ms | Allocations: 9972)


Started GET "/users/2" for ::1 at 2020-03-02 16:02:03 +0000
  [1m[35m (1.3ms)[0m  [1m[34mSELECT sqlite_version(*)[0m
  [1m[35m (0.2ms)[0m  [1m[34mSELECT "schema_migrations"."version" FROM "schema_migrations" ORDER BY "schema_migrations"."version" ASC[0m
Processing by UsersController#show as HTML
  Parameters: {"id"=>"2"}
  [1m[36mUser Load (0.2ms)[0m  [1m[34mSELECT "users".* FROM "users" WHERE "users"."id" = ? LIMIT ?[0m  [["id", 2], ["LIMIT", 1]]
  ↳ app/controllers/users_controller.rb:4:in `show'
[active_model_serializers] Rendered UserSerializer with ActiveModelSerializers::Adapter::Attributes (4.91ms)
Completed 500 Internal Server Error in 28ms (ActiveRecord: 1.1ms | Allocations: 9256)


  
NoMethodError (undefined method `playlist' for #<User:0x00007fa70dab5f48>
Did you mean?  playlists
               playlists=):
  
app/serializers/user_serializer.rb:7:in `data'
app/controllers/users_controller.rb:5:in `show'
Started GET "/users/2" for ::1 at 2020-03-02 16:02:28 +0000
  [1m[35m (0.1ms)[0m  [1m[34mSELECT sqlite_version(*)[0m
Processing by UsersController#show as HTML
  Parameters: {"id"=>"2"}
  [1m[36mUser Load (0.1ms)[0m  [1m[34mSELECT "users".* FROM "users" WHERE "users"."id" = ? LIMIT ?[0m  [["id", 2], ["LIMIT", 1]]
  ↳ app/controllers/users_controller.rb:4:in `show'
[active_model_serializers] Rendered UserSerializer with ActiveModelSerializers::Adapter::Attributes (13.09ms)
Completed 500 Internal Server Error in 22ms (ActiveRecord: 0.8ms | Allocations: 8738)


  
NoMethodError (undefined method `parse_children' for #<UserSerializer:0x00007fa70daa53a0>):
  
app/serializers/user_serializer.rb:7:in `data'
app/controllers/users_controller.rb:5:in `show'
Started GET "/users/2" for ::1 at 2020-03-02 16:02:42 +0000
  [1m[35m (0.1ms)[0m  [1m[34mSELECT sqlite_version(*)[0m
Processing by UsersController#show as HTML
  Parameters: {"id"=>"2"}
  [1m[36mUser Load (0.1ms)[0m  [1m[34mSELECT "users".* FROM "users" WHERE "users"."id" = ? LIMIT ?[0m  [["id", 2], ["LIMIT", 1]]
  ↳ app/controllers/users_controller.rb:4:in `show'
[active_model_serializers] Rendered UserSerializer with ActiveModelSerializers::Adapter::Attributes (5.48ms)
Completed 500 Internal Server Error in 14ms (ActiveRecord: 0.7ms | Allocations: 6259)


  
NoMethodError (undefined method `playlist' for #<User:0x00007fa70db70c30>
Did you mean?  playlists
               playlists=):
  
app/serializers/user_serializer.rb:7:in `data'
app/controllers/users_controller.rb:5:in `show'
Started GET "/users/2" for ::1 at 2020-03-02 16:02:57 +0000
  [1m[35m (0.1ms)[0m  [1m[34mSELECT sqlite_version(*)[0m
Processing by UsersController#show as HTML
  Parameters: {"id"=>"2"}
  [1m[36mUser Load (0.1ms)[0m  [1m[34mSELECT "users".* FROM "users" WHERE "users"."id" = ? LIMIT ?[0m  [["id", 2], ["LIMIT", 1]]
  ↳ app/controllers/users_controller.rb:4:in `show'
[active_model_serializers]   [1m[36mPlaylist Load (0.4ms)[0m  [1m[34mSELECT "playlists".* FROM "playlists" WHERE "playlists"."user_id" = ?[0m  [["user_id", 2]]
[active_model_serializers]   ↳ app/serializers/user_serializer.rb:13:in `map'
[active_model_serializers] Rendered UserSerializer with ActiveModelSerializers::Adapter::Attributes (12.84ms)
Completed 200 OK in 21ms (Views: 13.5ms | ActiveRecord: 1.8ms | Allocations: 11006)


Started GET "/users/2" for ::1 at 2020-03-02 16:03:52 +0000
  [1m[35m (0.1ms)[0m  [1m[34mSELECT sqlite_version(*)[0m
Processing by UsersController#show as HTML
  Parameters: {"id"=>"2"}
  [1m[36mUser Load (0.1ms)[0m  [1m[34mSELECT "users".* FROM "users" WHERE "users"."id" = ? LIMIT ?[0m  [["id", 2], ["LIMIT", 1]]
  ↳ app/controllers/users_controller.rb:4:in `show'
[active_model_serializers] Rendered UserSerializer with ActiveModelSerializers::Adapter::Attributes (5.59ms)
Completed 500 Internal Server Error in 14ms (ActiveRecord: 0.8ms | Allocations: 7122)


  
NoMethodError (undefined method `parse_playlists' for #<UserSerializer:0x00007fa70bba3ce0>
Did you mean?  parse_playlist):
  
app/serializers/user_serializer.rb:7:in `data'
app/controllers/users_controller.rb:5:in `show'
Started GET "/users/2" for ::1 at 2020-03-02 16:04:06 +0000
  [1m[35m (0.1ms)[0m  [1m[34mSELECT sqlite_version(*)[0m
Processing by UsersController#show as HTML
  Parameters: {"id"=>"2"}
  [1m[36mUser Load (0.1ms)[0m  [1m[34mSELECT "users".* FROM "users" WHERE "users"."id" = ? LIMIT ?[0m  [["id", 2], ["LIMIT", 1]]
  ↳ app/controllers/users_controller.rb:4:in `show'
Completed 500 Internal Server Error in 8ms (ActiveRecord: 1.0ms | Allocations: 4428)


  
SyntaxError (/Users/sam/Documents/GitHub/MOD3/Trackster/Trackster/app/serializers/user_serializer.rb:16: syntax error, unexpected tIDENTIFIER, expecting '}'
        byebug
        ^~~~~~):
  
app/serializers/user_serializer.rb:16: syntax error, unexpected tIDENTIFIER, expecting '}'
app/serializers/user_serializer.rb:16: syntax error, unexpected tIDENTIFIER, expecting '}'
app/controllers/users_controller.rb:5:in `show'
Started GET "/users/2" for ::1 at 2020-03-02 16:04:38 +0000
  [1m[35m (0.1ms)[0m  [1m[34mSELECT sqlite_version(*)[0m
Processing by UsersController#show as HTML
  Parameters: {"id"=>"2"}
  [1m[36mUser Load (0.1ms)[0m  [1m[34mSELECT "users".* FROM "users" WHERE "users"."id" = ? LIMIT ?[0m  [["id", 2], ["LIMIT", 1]]
  ↳ app/controllers/users_controller.rb:4:in `show'
Completed 500 Internal Server Error in 7ms (ActiveRecord: 0.7ms | Allocations: 4434)


  
SyntaxError (/Users/sam/Documents/GitHub/MOD3/Trackster/Trackster/app/serializers/user_serializer.rb:16: syntax error, unexpected tIDENTIFIER, expecting '}'
        require 'pry' ; binding.pry
        ^~~~~~~
/Users/sam/Documents/GitHub/MOD3/Trackster/Trackster/app/serializers/user_serializer.rb:17: syntax error, unexpected '}', expecting end
      }
      ^):
  
app/serializers/user_serializer.rb:16: syntax error, unexpected tIDENTIFIER, expecting '}'
app/serializers/user_serializer.rb:17: syntax error, unexpected '}', expecting end
app/serializers/user_serializer.rb:16: syntax error, unexpected tIDENTIFIER, expecting '}'
app/serializers/user_serializer.rb:17: syntax error, unexpected '}', expecting end
app/controllers/users_controller.rb:5:in `show'
Started GET "/users/2" for ::1 at 2020-03-02 16:06:03 +0000
  [1m[35m (0.1ms)[0m  [1m[34mSELECT sqlite_version(*)[0m
Processing by UsersController#show as HTML
  Parameters: {"id"=>"2"}
  [1m[36mUser Load (0.4ms)[0m  [1m[34mSELECT "users".* FROM "users" WHERE "users"."id" = ? LIMIT ?[0m  [["id", 2], ["LIMIT", 1]]
  ↳ app/controllers/users_controller.rb:4:in `show'
[active_model_serializers]   [1m[36mPlaylist Load (0.2ms)[0m  [1m[34mSELECT "playlists".* FROM "playlists" WHERE "playlists"."user_id" = ? LIMIT ?[0m  [["user_id", 2], ["LIMIT", 11]]
[active_model_serializers]   ↳ app/serializers/user_serializer.rb:14:in `parse_playlist'
[active_model_serializers]   [1m[36mPlaylist Load (0.3ms)[0m  [1m[34mSELECT "playlists".* FROM "playlists" WHERE "playlists"."user_id" = ?[0m  [["user_id", 2]]
[active_model_serializers]   ↳ (byebug):1:in `map'
[active_model_serializers] Rendered UserSerializer with ActiveModelSerializers::Adapter::Attributes (78587.3ms)
Completed 500 Internal Server Error in 78599ms (ActiveRecord: 2.3ms | Allocations: 89903)


  
SystemExit (exit):
  
(byebug):1:in `exit'
(byebug):1:in `parse_playlist'
app/serializers/user_serializer.rb:14:in `parse_playlist'
app/serializers/user_serializer.rb:7:in `data'
app/controllers/users_controller.rb:5:in `show'
Started GET "/users/2" for ::1 at 2020-03-02 16:07:29 +0000
  [1m[35m (0.9ms)[0m  [1m[34mSELECT sqlite_version(*)[0m
Processing by UsersController#show as HTML
  Parameters: {"id"=>"2"}
  [1m[36mUser Load (1.2ms)[0m  [1m[34mSELECT "users".* FROM "users" WHERE "users"."id" = ? LIMIT ?[0m  [["id", 2], ["LIMIT", 1]]
  ↳ app/controllers/users_controller.rb:4:in `show'
Completed 500 Internal Server Error in 123ms (ActiveRecord: 9.3ms | Allocations: 1092587)


  
SyntaxError (/Users/sam/Documents/GitHub/MOD3/Trackster/Trackster/app/serializers/user_serializer.rb:13: syntax error, unexpected ':', expecting '}'
...laylists.map { |playlist| name: playlist.name }
...                              ^
/Users/sam/Documents/GitHub/MOD3/Trackster/Trackster/app/serializers/user_serializer.rb:13: syntax error, unexpected '}', expecting end
...playlist| name: playlist.name }
...                              ^):
  
app/serializers/user_serializer.rb:13: syntax error, unexpected ':', expecting '}'
app/serializers/user_serializer.rb:13: syntax error, unexpected '}', expecting end
app/serializers/user_serializer.rb:13: syntax error, unexpected ':', expecting '}'
app/serializers/user_serializer.rb:13: syntax error, unexpected '}', expecting end
app/controllers/users_controller.rb:5:in `show'
Started GET "/users/2" for ::1 at 2020-03-02 16:07:51 +0000
  [1m[35m (0.4ms)[0m  [1m[34mSELECT sqlite_version(*)[0m
  [1m[35m (0.2ms)[0m  [1m[34mSELECT "schema_migrations"."version" FROM "schema_migrations" ORDER BY "schema_migrations"."version" ASC[0m
Processing by UsersController#show as HTML
  Parameters: {"id"=>"2"}
  [1m[36mUser Load (0.2ms)[0m  [1m[34mSELECT "users".* FROM "users" WHERE "users"."id" = ? LIMIT ?[0m  [["id", 2], ["LIMIT", 1]]
  ↳ app/controllers/users_controller.rb:4:in `show'
Completed 500 Internal Server Error in 12ms (ActiveRecord: 1.1ms | Allocations: 5242)


  
SyntaxError (/Users/sam/Documents/GitHub/MOD3/Trackster/Trackster/app/serializers/user_serializer.rb:13: syntax error, unexpected ':', expecting '}'
...laylists.map { |playlist| name: playlist.name }
...                              ^
/Users/sam/Documents/GitHub/MOD3/Trackster/Trackster/app/serializers/user_serializer.rb:13: syntax error, unexpected '}', expecting end
...playlist| name: playlist.name }
...                              ^):
  
app/serializers/user_serializer.rb:13: syntax error, unexpected ':', expecting '}'
app/serializers/user_serializer.rb:13: syntax error, unexpected '}', expecting end
app/serializers/user_serializer.rb:13: syntax error, unexpected ':', expecting '}'
app/serializers/user_serializer.rb:13: syntax error, unexpected '}', expecting end
app/controllers/users_controller.rb:5:in `show'
Started GET "/users/2" for ::1 at 2020-03-02 16:09:39 +0000
  [1m[35m (0.4ms)[0m  [1m[34mSELECT sqlite_version(*)[0m
  [1m[35m (0.2ms)[0m  [1m[34mSELECT "schema_migrations"."version" FROM "schema_migrations" ORDER BY "schema_migrations"."version" ASC[0m
Processing by UsersController#show as HTML
  Parameters: {"id"=>"2"}
  [1m[36mUser Load (0.2ms)[0m  [1m[34mSELECT "users".* FROM "users" WHERE "users"."id" = ? LIMIT ?[0m  [["id", 2], ["LIMIT", 1]]
  ↳ app/controllers/users_controller.rb:4:in `show'
[active_model_serializers]   [1m[36mPlaylist Load (0.1ms)[0m  [1m[34mSELECT "playlists".* FROM "playlists" WHERE "playlists"."user_id" = ?[0m  [["user_id", 2]]
[active_model_serializers]   ↳ app/serializers/user_serializer.rb:13:in `map'
[active_model_serializers] Rendered UserSerializer with ActiveModelSerializers::Adapter::Attributes (14.86ms)
Completed 200 OK in 30ms (Views: 18.6ms | ActiveRecord: 1.8ms | Allocations: 14171)


Started GET "/users/2" for ::1 at 2020-03-02 16:10:27 +0000
  [1m[35m (0.1ms)[0m  [1m[34mSELECT sqlite_version(*)[0m
Processing by UsersController#show as HTML
  Parameters: {"id"=>"2"}
  [1m[36mUser Load (0.2ms)[0m  [1m[34mSELECT "users".* FROM "users" WHERE "users"."id" = ? LIMIT ?[0m  [["id", 2], ["LIMIT", 1]]
  ↳ app/controllers/users_controller.rb:4:in `show'
Completed 500 Internal Server Error in 8ms (ActiveRecord: 0.9ms | Allocations: 4462)


  
SyntaxError (/Users/sam/Documents/GitHub/MOD3/Trackster/Trackster/app/serializers/user_serializer.rb:16: syntax error, unexpected tIDENTIFIER, expecting '}'
        tracks: playlist.tracks
        ^~~~~~
/Users/sam/Documents/GitHub/MOD3/Trackster/Trackster/app/serializers/user_serializer.rb:17: syntax error, unexpected '}', expecting end
      }
      ^):
  
app/serializers/user_serializer.rb:16: syntax error, unexpected tIDENTIFIER, expecting '}'
app/serializers/user_serializer.rb:17: syntax error, unexpected '}', expecting end
app/serializers/user_serializer.rb:16: syntax error, unexpected tIDENTIFIER, expecting '}'
app/serializers/user_serializer.rb:17: syntax error, unexpected '}', expecting end
app/controllers/users_controller.rb:5:in `show'
Started GET "/users/2" for ::1 at 2020-03-02 16:10:37 +0000
  [1m[35m (0.1ms)[0m  [1m[34mSELECT sqlite_version(*)[0m
Processing by UsersController#show as HTML
  Parameters: {"id"=>"2"}
  [1m[36mUser Load (0.1ms)[0m  [1m[34mSELECT "users".* FROM "users" WHERE "users"."id" = ? LIMIT ?[0m  [["id", 2], ["LIMIT", 1]]
  ↳ app/controllers/users_controller.rb:4:in `show'
[active_model_serializers]   [1m[36mPlaylist Load (0.1ms)[0m  [1m[34mSELECT "playlists".* FROM "playlists" WHERE "playlists"."user_id" = ?[0m  [["user_id", 2]]
[active_model_serializers]   ↳ app/serializers/user_serializer.rb:13:in `map'
[active_model_serializers]   [1m[36mTrack Load (0.5ms)[0m  [1m[34mSELECT "tracks".* FROM "tracks" INNER JOIN "track_playlists" ON "tracks"."id" = "track_playlists"."track_id" WHERE "track_playlists"."playlist_id" = ?[0m  [["playlist_id", 1]]
[active_model_serializers]   ↳ app/controllers/users_controller.rb:5:in `show'
[active_model_serializers] Rendered UserSerializer with ActiveModelSerializers::Adapter::Attributes (21.55ms)
Completed 200 OK in 31ms (Views: 21.6ms | ActiveRecord: 2.8ms | Allocations: 15862)


  [1m[35m (0.4ms)[0m  [1m[34mSELECT sqlite_version(*)[0m
  [1m[36mTrack Load (0.8ms)[0m  [1m[34mSELECT "tracks".* FROM "tracks" LIMIT ?[0m  [["LIMIT", 11]]
  [1m[36mTrackPlaylist Load (1.0ms)[0m  [1m[34mSELECT "track_playlists".* FROM "track_playlists" LIMIT ?[0m  [["LIMIT", 11]]
  [1m[35m (0.1ms)[0m  [1m[36mbegin transaction[0m
  [1m[36mTrack Create (1.3ms)[0m  [1m[32mINSERT INTO "tracks" ("title", "duration", "artist", "cover_small", "album_title", "preview", "deezer_track_id", "deezer_album_id", "deezer_artist_id", "created_at", "updated_at") VALUES (?, ?, ?, ?, ?, ?, ?, ?, ?, ?, ?)[0m  [["title", "whatever"], ["duration", 283], ["artist", "what"], ["cover_small", "yoyo"], ["album_title", "yo"], ["preview", "jg"], ["deezer_track_id", 2], ["deezer_album_id", 3], ["deezer_artist_id", 9], ["created_at", "2020-03-02 16:15:02.129779"], ["updated_at", "2020-03-02 16:15:02.129779"]]
  [1m[35m (0.9ms)[0m  [1m[36mcommit transaction[0m
  [1m[35m (0.1ms)[0m  [1m[36mbegin transaction[0m
  [1m[36mTrack Load (0.2ms)[0m  [1m[34mSELECT "tracks".* FROM "tracks" WHERE "tracks"."id" = ? LIMIT ?[0m  [["id", 1], ["LIMIT", 1]]
  [1m[36mPlaylist Load (0.1ms)[0m  [1m[34mSELECT "playlists".* FROM "playlists" WHERE "playlists"."id" = ? LIMIT ?[0m  [["id", 1], ["LIMIT", 1]]
  [1m[36mTrackPlaylist Create (0.4ms)[0m  [1m[32mINSERT INTO "track_playlists" ("track_id", "playlist_id", "created_at", "updated_at") VALUES (?, ?, ?, ?)[0m  [["track_id", 1], ["playlist_id", 1], ["created_at", "2020-03-02 16:15:52.002623"], ["updated_at", "2020-03-02 16:15:52.002623"]]
  [1m[35m (0.9ms)[0m  [1m[36mcommit transaction[0m
Started GET "/users/2" for ::1 at 2020-03-02 16:16:06 +0000
  [1m[35m (0.4ms)[0m  [1m[34mSELECT sqlite_version(*)[0m
  [1m[35m (0.2ms)[0m  [1m[34mSELECT "schema_migrations"."version" FROM "schema_migrations" ORDER BY "schema_migrations"."version" ASC[0m
Processing by UsersController#show as HTML
  Parameters: {"id"=>"2"}
  [1m[36mUser Load (0.2ms)[0m  [1m[34mSELECT "users".* FROM "users" WHERE "users"."id" = ? LIMIT ?[0m  [["id", 2], ["LIMIT", 1]]
  ↳ app/controllers/users_controller.rb:4:in `show'
[active_model_serializers]   [1m[36mPlaylist Load (0.1ms)[0m  [1m[34mSELECT "playlists".* FROM "playlists" WHERE "playlists"."user_id" = ?[0m  [["user_id", 2]]
[active_model_serializers]   ↳ app/serializers/user_serializer.rb:13:in `map'
[active_model_serializers]   [1m[36mTrack Load (0.2ms)[0m  [1m[34mSELECT "tracks".* FROM "tracks" INNER JOIN "track_playlists" ON "tracks"."id" = "track_playlists"."track_id" WHERE "track_playlists"."playlist_id" = ?[0m  [["playlist_id", 1]]
[active_model_serializers]   ↳ app/controllers/users_controller.rb:5:in `show'
[active_model_serializers] Rendered UserSerializer with ActiveModelSerializers::Adapter::Attributes (30.85ms)
Completed 200 OK in 44ms (Views: 32.5ms | ActiveRecord: 2.8ms | Allocations: 26776)


Started GET "/users/2" for ::1 at 2020-03-02 16:17:57 +0000
  [1m[35m (0.1ms)[0m  [1m[34mSELECT sqlite_version(*)[0m
Processing by UsersController#show as HTML
  Parameters: {"id"=>"2"}
  [1m[36mUser Load (0.1ms)[0m  [1m[34mSELECT "users".* FROM "users" WHERE "users"."id" = ? LIMIT ?[0m  [["id", 2], ["LIMIT", 1]]
  ↳ app/controllers/users_controller.rb:4:in `show'
[active_model_serializers] Rendered UserSerializer with ActiveModelSerializers::Adapter::Attributes (4.1ms)
Completed 500 Internal Server Error in 12ms (ActiveRecord: 0.8ms | Allocations: 6249)


  
NoMethodError (undefined method `user_id' for #<User:0x00007f9db39c2f90>):
  
app/serializers/user_serializer.rb:6:in `data'
app/controllers/users_controller.rb:5:in `show'
Started GET "/users/2" for ::1 at 2020-03-02 16:18:26 +0000
  [1m[35m (0.1ms)[0m  [1m[34mSELECT sqlite_version(*)[0m
Processing by UsersController#show as HTML
  Parameters: {"id"=>"2"}
  [1m[36mUser Load (0.1ms)[0m  [1m[34mSELECT "users".* FROM "users" WHERE "users"."id" = ? LIMIT ?[0m  [["id", 2], ["LIMIT", 1]]
  ↳ app/controllers/users_controller.rb:4:in `show'
[active_model_serializers]   [1m[36mPlaylist Load (0.5ms)[0m  [1m[34mSELECT "playlists".* FROM "playlists" WHERE "playlists"."user_id" = ?[0m  [["user_id", 2]]
[active_model_serializers]   ↳ app/serializers/user_serializer.rb:14:in `map'
[active_model_serializers]   [1m[36mTrack Load (0.1ms)[0m  [1m[34mSELECT "tracks".* FROM "tracks" INNER JOIN "track_playlists" ON "tracks"."id" = "track_playlists"."track_id" WHERE "track_playlists"."playlist_id" = ?[0m  [["playlist_id", 1]]
[active_model_serializers]   ↳ app/controllers/users_controller.rb:5:in `show'
[active_model_serializers] Rendered UserSerializer with ActiveModelSerializers::Adapter::Attributes (24.22ms)
Completed 200 OK in 33ms (Views: 24.3ms | ActiveRecord: 2.6ms | Allocations: 21593)


Started GET "/users/2" for ::1 at 2020-03-02 16:19:19 +0000
  [1m[35m (0.1ms)[0m  [1m[34mSELECT sqlite_version(*)[0m
Processing by UsersController#show as HTML
  Parameters: {"id"=>"2"}
  [1m[36mUser Load (0.1ms)[0m  [1m[34mSELECT "users".* FROM "users" WHERE "users"."id" = ? LIMIT ?[0m  [["id", 2], ["LIMIT", 1]]
  ↳ app/controllers/users_controller.rb:4:in `show'
[active_model_serializers]   [1m[36mPlaylist Load (0.1ms)[0m  [1m[34mSELECT "playlists".* FROM "playlists" WHERE "playlists"."user_id" = ?[0m  [["user_id", 2]]
[active_model_serializers]   ↳ app/serializers/user_serializer.rb:14:in `map'
[active_model_serializers]   [1m[36mTrack Load (0.2ms)[0m  [1m[34mSELECT "tracks".* FROM "tracks" INNER JOIN "track_playlists" ON "tracks"."id" = "track_playlists"."track_id" WHERE "track_playlists"."playlist_id" = ?[0m  [["playlist_id", 1]]
[active_model_serializers]   ↳ app/controllers/users_controller.rb:5:in `show'
[active_model_serializers] Rendered UserSerializer with ActiveModelSerializers::Adapter::Attributes (23.68ms)
Completed 200 OK in 32ms (Views: 23.8ms | ActiveRecord: 2.5ms | Allocations: 21459)


Started GET "/users/Jeff" for ::1 at 2020-03-03 07:22:32 +0000
  [1m[35m (2.2ms)[0m  [1m[34mSELECT sqlite_version(*)[0m
  [1m[35m (0.2ms)[0m  [1m[34mSELECT "schema_migrations"."version" FROM "schema_migrations" ORDER BY "schema_migrations"."version" ASC[0m
Processing by UsersController#show as */*
  Parameters: {"id"=>"Jeff"}
  [1m[36mUser Load (0.2ms)[0m  [1m[34mSELECT "users".* FROM "users" WHERE "users"."id" = ? LIMIT ?[0m  [["id", nil], ["LIMIT", 1]]
  ↳ app/controllers/users_controller.rb:4:in `show'
[active_model_serializers] Rendered ActiveModel::Serializer::Null with Class (0.14ms)
Completed 200 OK in 65ms (Views: 55.2ms | ActiveRecord: 0.6ms | Allocations: 5326)


Started GET "/users/Jeff" for ::1 at 2020-03-03 07:22:32 +0000
Processing by UsersController#show as */*
  Parameters: {"id"=>"Jeff"}
  [1m[36mUser Load (0.2ms)[0m  [1m[34mSELECT "users".* FROM "users" WHERE "users"."id" = ? LIMIT ?[0m  [["id", nil], ["LIMIT", 1]]
  ↳ app/controllers/users_controller.rb:4:in `show'
[active_model_serializers] Rendered ActiveModel::Serializer::Null with Class (0.09ms)
Completed 200 OK in 3ms (Views: 0.7ms | ActiveRecord: 0.2ms | Allocations: 659)


Started GET "/users/Jeff" for ::1 at 2020-03-03 07:31:01 +0000
  [1m[35m (0.1ms)[0m  [1m[34mSELECT sqlite_version(*)[0m
Processing by UsersController#show as */*
  Parameters: {"id"=>"Jeff"}
  [1m[36mUser Load (0.7ms)[0m  [1m[34mSELECT "users".* FROM "users" WHERE "users"."username" IS NULL LIMIT ?[0m  [["LIMIT", 1]]
  ↳ app/controllers/users_controller.rb:4:in `show'
[active_model_serializers] Rendered ActiveModel::Serializer::Null with Class (0.06ms)
Completed 200 OK in 7ms (Views: 1.0ms | ActiveRecord: 0.7ms | Allocations: 2025)


Started GET "/" for ::1 at 2020-03-03 07:31:17 +0000
Processing by Rails::WelcomeController#index as HTML
  Rendering /home/wojciech/.rvm/gems/ruby-2.6.1/ruby/2.6.0/gems/railties-6.0.2.1/lib/rails/templates/rails/welcome/index.html.erb
  Rendered /home/wojciech/.rvm/gems/ruby-2.6.1/ruby/2.6.0/gems/railties-6.0.2.1/lib/rails/templates/rails/welcome/index.html.erb (Duration: 39.2ms | Allocations: 481)
Completed 200 OK in 146ms (Views: 111.8ms | ActiveRecord: 0.0ms | Allocations: 2635)


Started GET "/users/new" for ::1 at 2020-03-03 07:31:23 +0000
Processing by UsersController#show as HTML
  Parameters: {"id"=>"new"}
  [1m[36mUser Load (0.2ms)[0m  [1m[34mSELECT "users".* FROM "users" WHERE "users"."username" IS NULL LIMIT ?[0m  [["LIMIT", 1]]
  ↳ app/controllers/users_controller.rb:4:in `show'
[active_model_serializers] Rendered ActiveModel::Serializer::Null with Class (0.08ms)
Completed 200 OK in 3ms (Views: 0.7ms | ActiveRecord: 0.2ms | Allocations: 789)


Started GET "/favicon.ico" for ::1 at 2020-03-03 07:31:23 +0000
  
ActionController::RoutingError (No route matches [GET] "/favicon.ico"):
  
actionpack (6.0.2.1) lib/action_dispatch/middleware/debug_exceptions.rb:36:in `call'
actionpack (6.0.2.1) lib/action_dispatch/middleware/show_exceptions.rb:33:in `call'
railties (6.0.2.1) lib/rails/rack/logger.rb:38:in `call_app'
railties (6.0.2.1) lib/rails/rack/logger.rb:26:in `block in call'
activesupport (6.0.2.1) lib/active_support/tagged_logging.rb:80:in `block in tagged'
activesupport (6.0.2.1) lib/active_support/tagged_logging.rb:28:in `tagged'
activesupport (6.0.2.1) lib/active_support/tagged_logging.rb:80:in `tagged'
railties (6.0.2.1) lib/rails/rack/logger.rb:26:in `call'
actionpack (6.0.2.1) lib/action_dispatch/middleware/remote_ip.rb:81:in `call'
actionpack (6.0.2.1) lib/action_dispatch/middleware/request_id.rb:27:in `call'
rack (2.2.2) lib/rack/runtime.rb:22:in `call'
activesupport (6.0.2.1) lib/active_support/cache/strategy/local_cache_middleware.rb:29:in `call'
actionpack (6.0.2.1) lib/action_dispatch/middleware/executor.rb:14:in `call'
actionpack (6.0.2.1) lib/action_dispatch/middleware/static.rb:126:in `call'
rack (2.2.2) lib/rack/sendfile.rb:110:in `call'
actionpack (6.0.2.1) lib/action_dispatch/middleware/host_authorization.rb:83:in `call'
rack-cors (1.1.1) lib/rack/cors.rb:100:in `call'
rack-cors (1.1.1) lib/rack/cors.rb:100:in `call'
railties (6.0.2.1) lib/rails/engine.rb:526:in `call'
puma (4.3.3) lib/puma/configuration.rb:228:in `call'
puma (4.3.3) lib/puma/server.rb:682:in `handle_request'
puma (4.3.3) lib/puma/server.rb:472:in `process_client'
puma (4.3.3) lib/puma/server.rb:328:in `block in run'
puma (4.3.3) lib/puma/thread_pool.rb:134:in `block in spawn_thread'
Started GET "/users/" for ::1 at 2020-03-03 07:31:26 +0000
  
AbstractController::ActionNotFound (The action 'index' could not be found for UsersController):
  
actionpack (6.0.2.1) lib/abstract_controller/base.rb:131:in `process'
actionpack (6.0.2.1) lib/action_controller/metal.rb:191:in `dispatch'
actionpack (6.0.2.1) lib/action_controller/metal.rb:252:in `dispatch'
actionpack (6.0.2.1) lib/action_dispatch/routing/route_set.rb:51:in `dispatch'
actionpack (6.0.2.1) lib/action_dispatch/routing/route_set.rb:33:in `serve'
actionpack (6.0.2.1) lib/action_dispatch/journey/router.rb:49:in `block in serve'
actionpack (6.0.2.1) lib/action_dispatch/journey/router.rb:32:in `each'
actionpack (6.0.2.1) lib/action_dispatch/journey/router.rb:32:in `serve'
actionpack (6.0.2.1) lib/action_dispatch/routing/route_set.rb:837:in `call'
rack (2.2.2) lib/rack/etag.rb:27:in `call'
rack (2.2.2) lib/rack/conditional_get.rb:27:in `call'
rack (2.2.2) lib/rack/head.rb:12:in `call'
activerecord (6.0.2.1) lib/active_record/migration.rb:567:in `call'
actionpack (6.0.2.1) lib/action_dispatch/middleware/callbacks.rb:27:in `block in call'
activesupport (6.0.2.1) lib/active_support/callbacks.rb:101:in `run_callbacks'
actionpack (6.0.2.1) lib/action_dispatch/middleware/callbacks.rb:26:in `call'
actionpack (6.0.2.1) lib/action_dispatch/middleware/executor.rb:14:in `call'
actionpack (6.0.2.1) lib/action_dispatch/middleware/actionable_exceptions.rb:17:in `call'
actionpack (6.0.2.1) lib/action_dispatch/middleware/debug_exceptions.rb:32:in `call'
actionpack (6.0.2.1) lib/action_dispatch/middleware/show_exceptions.rb:33:in `call'
railties (6.0.2.1) lib/rails/rack/logger.rb:38:in `call_app'
railties (6.0.2.1) lib/rails/rack/logger.rb:26:in `block in call'
activesupport (6.0.2.1) lib/active_support/tagged_logging.rb:80:in `block in tagged'
activesupport (6.0.2.1) lib/active_support/tagged_logging.rb:28:in `tagged'
activesupport (6.0.2.1) lib/active_support/tagged_logging.rb:80:in `tagged'
railties (6.0.2.1) lib/rails/rack/logger.rb:26:in `call'
actionpack (6.0.2.1) lib/action_dispatch/middleware/remote_ip.rb:81:in `call'
actionpack (6.0.2.1) lib/action_dispatch/middleware/request_id.rb:27:in `call'
rack (2.2.2) lib/rack/runtime.rb:22:in `call'
activesupport (6.0.2.1) lib/active_support/cache/strategy/local_cache_middleware.rb:29:in `call'
actionpack (6.0.2.1) lib/action_dispatch/middleware/executor.rb:14:in `call'
actionpack (6.0.2.1) lib/action_dispatch/middleware/static.rb:126:in `call'
rack (2.2.2) lib/rack/sendfile.rb:110:in `call'
actionpack (6.0.2.1) lib/action_dispatch/middleware/host_authorization.rb:83:in `call'
rack-cors (1.1.1) lib/rack/cors.rb:100:in `call'
rack-cors (1.1.1) lib/rack/cors.rb:100:in `call'
railties (6.0.2.1) lib/rails/engine.rb:526:in `call'
puma (4.3.3) lib/puma/configuration.rb:228:in `call'
puma (4.3.3) lib/puma/server.rb:682:in `handle_request'
puma (4.3.3) lib/puma/server.rb:472:in `process_client'
puma (4.3.3) lib/puma/server.rb:328:in `block in run'
puma (4.3.3) lib/puma/thread_pool.rb:134:in `block in spawn_thread'
Started GET "/users/1" for ::1 at 2020-03-03 07:31:32 +0000
Processing by UsersController#show as HTML
  Parameters: {"id"=>"1"}
  [1m[36mUser Load (0.2ms)[0m  [1m[34mSELECT "users".* FROM "users" WHERE "users"."username" IS NULL LIMIT ?[0m  [["LIMIT", 1]]
  ↳ app/controllers/users_controller.rb:4:in `show'
[active_model_serializers] Rendered ActiveModel::Serializer::Null with Class (0.09ms)
Completed 200 OK in 3ms (Views: 0.8ms | ActiveRecord: 0.2ms | Allocations: 833)


Started GET "/users/2" for ::1 at 2020-03-03 07:31:35 +0000
Processing by UsersController#show as HTML
  Parameters: {"id"=>"2"}
  [1m[36mUser Load (0.2ms)[0m  [1m[34mSELECT "users".* FROM "users" WHERE "users"."username" IS NULL LIMIT ?[0m  [["LIMIT", 1]]
  ↳ app/controllers/users_controller.rb:4:in `show'
[active_model_serializers] Rendered ActiveModel::Serializer::Null with Class (0.07ms)
Completed 200 OK in 3ms (Views: 0.6ms | ActiveRecord: 0.2ms | Allocations: 787)


Started GET "/users/Jeff" for ::1 at 2020-03-03 07:31:40 +0000
Processing by UsersController#show as HTML
  Parameters: {"id"=>"Jeff"}
  [1m[36mUser Load (0.2ms)[0m  [1m[34mSELECT "users".* FROM "users" WHERE "users"."username" IS NULL LIMIT ?[0m  [["LIMIT", 1]]
  ↳ app/controllers/users_controller.rb:4:in `show'
[active_model_serializers] Rendered ActiveModel::Serializer::Null with Class (0.08ms)
Completed 200 OK in 3ms (Views: 0.7ms | ActiveRecord: 0.2ms | Allocations: 787)


  [1m[35m (1.6ms)[0m  [1m[34mSELECT sqlite_version(*)[0m
  [1m[36mUser Load (0.4ms)[0m  [1m[34mSELECT "users".* FROM "users" LIMIT ?[0m  [["LIMIT", 11]]
Started GET "/users/2" for ::1 at 2020-03-03 07:32:28 +0000
  [1m[35m (0.4ms)[0m  [1m[34mSELECT sqlite_version(*)[0m
  [1m[35m (0.7ms)[0m  [1m[34mSELECT "schema_migrations"."version" FROM "schema_migrations" ORDER BY "schema_migrations"."version" ASC[0m
Processing by UsersController#show as HTML
  Parameters: {"id"=>"2"}
  [1m[36mUser Load (0.3ms)[0m  [1m[34mSELECT "users".* FROM "users" WHERE "users"."username" IS NULL LIMIT ?[0m  [["LIMIT", 1]]
  ↳ app/controllers/users_controller.rb:4:in `show'
[active_model_serializers] Rendered ActiveModel::Serializer::Null with Class (0.15ms)
Completed 200 OK in 21ms (Views: 5.9ms | ActiveRecord: 0.7ms | Allocations: 3635)


Started GET "/users/2" for ::1 at 2020-03-03 07:32:34 +0000
  [1m[35m (0.1ms)[0m  [1m[34mSELECT sqlite_version(*)[0m
Processing by UsersController#show as HTML
  Parameters: {"id"=>"2"}
  [1m[36mUser Load (0.2ms)[0m  [1m[34mSELECT "users".* FROM "users" WHERE "users"."id" = ? LIMIT ?[0m  [["id", 2], ["LIMIT", 1]]
  ↳ app/controllers/users_controller.rb:4:in `show'
[active_model_serializers]   [1m[36mPlaylist Load (0.3ms)[0m  [1m[34mSELECT "playlists".* FROM "playlists" WHERE "playlists"."user_id" = ?[0m  [["user_id", 2]]
[active_model_serializers]   ↳ app/serializers/user_serializer.rb:14:in `map'
[active_model_serializers]   [1m[36mTrack Load (0.7ms)[0m  [1m[34mSELECT "tracks".* FROM "tracks" INNER JOIN "track_playlists" ON "tracks"."id" = "track_playlists"."track_id" WHERE "track_playlists"."playlist_id" = ?[0m  [["playlist_id", 1]]
[active_model_serializers]   ↳ app/controllers/users_controller.rb:5:in `show'
[active_model_serializers] Rendered UserSerializer with ActiveModelSerializers::Adapter::Attributes (113.16ms)
Completed 200 OK in 173ms (Views: 156.8ms | ActiveRecord: 5.3ms | Allocations: 31389)


Started GET "/users/undefined" for ::1 at 2020-03-03 07:34:18 +0000
Processing by UsersController#show as */*
  Parameters: {"id"=>"undefined"}
  [1m[36mUser Load (0.2ms)[0m  [1m[34mSELECT "users".* FROM "users" WHERE "users"."id" = ? LIMIT ?[0m  [["id", nil], ["LIMIT", 1]]
  ↳ app/controllers/users_controller.rb:4:in `show'
[active_model_serializers] Rendered ActiveModel::Serializer::Null with Class (0.06ms)
Completed 200 OK in 3ms (Views: 0.8ms | ActiveRecord: 0.2ms | Allocations: 799)


Started GET "/users/Jeff" for ::1 at 2020-03-03 07:36:07 +0000
  [1m[35m (0.1ms)[0m  [1m[34mSELECT sqlite_version(*)[0m
Processing by UsersController#show as */*
  Parameters: {"id"=>"Jeff"}
  [1m[36mUser Load (0.3ms)[0m  [1m[34mSELECT "users".* FROM "users" WHERE "users"."username" IS NULL LIMIT ?[0m  [["LIMIT", 1]]
  ↳ app/controllers/users_controller.rb:4:in `show'
[active_model_serializers] Rendered ActiveModel::Serializer::Null with Class (0.08ms)
Completed 200 OK in 7ms (Views: 1.0ms | ActiveRecord: 0.6ms | Allocations: 2167)


Started GET "/" for ::1 at 2020-03-03 07:37:03 +0000
Processing by Rails::WelcomeController#index as HTML
  Rendering /home/wojciech/.rvm/gems/ruby-2.6.1/ruby/2.6.0/gems/railties-6.0.2.1/lib/rails/templates/rails/welcome/index.html.erb
  Rendered /home/wojciech/.rvm/gems/ruby-2.6.1/ruby/2.6.0/gems/railties-6.0.2.1/lib/rails/templates/rails/welcome/index.html.erb (Duration: 8.8ms | Allocations: 314)
Completed 200 OK in 13ms (Views: 10.9ms | ActiveRecord: 0.0ms | Allocations: 1584)


Started GET "/users/2" for ::1 at 2020-03-03 07:45:02 +0000
  [1m[35m (0.1ms)[0m  [1m[34mSELECT sqlite_version(*)[0m
Processing by UsersController#show as HTML
  Parameters: {"id"=>"2"}
  [1m[36mUser Load (0.5ms)[0m  [1m[34mSELECT "users".* FROM "users" WHERE "users"."username" IS NULL LIMIT ?[0m  [["LIMIT", 1]]
  ↳ app/controllers/users_controller.rb:4:in `show'
[active_model_serializers] Rendered ActiveModel::Serializer::Null with Class (0.09ms)
Completed 200 OK in 6ms (Views: 1.0ms | ActiveRecord: 0.5ms | Allocations: 803)


Started GET "/users/2" for ::1 at 2020-03-03 07:45:10 +0000
Processing by UsersController#show as HTML
  Parameters: {"id"=>"2"}
  [1m[36mUser Load (0.1ms)[0m  [1m[34mSELECT "users".* FROM "users" WHERE "users"."username" IS NULL LIMIT ?[0m  [["LIMIT", 1]]
  ↳ app/controllers/users_controller.rb:4:in `show'
[active_model_serializers] Rendered ActiveModel::Serializer::Null with Class (0.09ms)
Completed 200 OK in 2ms (Views: 0.5ms | ActiveRecord: 0.1ms | Allocations: 787)


Started GET "/users/2" for ::1 at 2020-03-03 07:45:35 +0000
  [1m[35m (0.1ms)[0m  [1m[34mSELECT sqlite_version(*)[0m
Processing by UsersController#show as HTML
  Parameters: {"id"=>"2"}
  [1m[36mUser Load (0.3ms)[0m  [1m[34mSELECT "users".* FROM "users" WHERE "users"."id" = ? LIMIT ?[0m  [["id", 2], ["LIMIT", 1]]
  ↳ app/controllers/users_controller.rb:4:in `show'
[active_model_serializers]   [1m[36mPlaylist Load (0.1ms)[0m  [1m[34mSELECT "playlists".* FROM "playlists" WHERE "playlists"."user_id" = ?[0m  [["user_id", 2]]
[active_model_serializers]   ↳ app/serializers/user_serializer.rb:14:in `map'
[active_model_serializers]   [1m[36mTrack Load (0.2ms)[0m  [1m[34mSELECT "tracks".* FROM "tracks" INNER JOIN "track_playlists" ON "tracks"."id" = "track_playlists"."track_id" WHERE "track_playlists"."playlist_id" = ?[0m  [["playlist_id", 1]]
[active_model_serializers]   ↳ app/controllers/users_controller.rb:5:in `show'
[active_model_serializers] Rendered UserSerializer with ActiveModelSerializers::Adapter::Attributes (58.34ms)
Completed 200 OK in 76ms (Views: 58.3ms | ActiveRecord: 4.1ms | Allocations: 21524)


Started GET "/users/Jeff" for ::1 at 2020-03-03 07:45:58 +0000
  [1m[35m (0.1ms)[0m  [1m[34mSELECT sqlite_version(*)[0m
Processing by UsersController#show as HTML
  Parameters: {"id"=>"Jeff"}
  [1m[36mUser Load (0.1ms)[0m  [1m[34mSELECT "users".* FROM "users" WHERE "users"."username" IS NULL LIMIT ?[0m  [["LIMIT", 1]]
  ↳ app/controllers/users_controller.rb:4:in `show'
[active_model_serializers] Rendered ActiveModel::Serializer::Null with Class (0.05ms)
Completed 200 OK in 5ms (Views: 0.7ms | ActiveRecord: 0.5ms | Allocations: 2168)


Started GET "/users/2" for ::1 at 2020-03-03 07:46:01 +0000
Processing by UsersController#show as HTML
  Parameters: {"id"=>"2"}
  [1m[36mUser Load (0.2ms)[0m  [1m[34mSELECT "users".* FROM "users" WHERE "users"."username" IS NULL LIMIT ?[0m  [["LIMIT", 1]]
  ↳ app/controllers/users_controller.rb:4:in `show'
[active_model_serializers] Rendered ActiveModel::Serializer::Null with Class (0.1ms)
Completed 200 OK in 3ms (Views: 0.9ms | ActiveRecord: 0.2ms | Allocations: 789)


Started GET "/users/2" for ::1 at 2020-03-03 07:46:44 +0000
  [1m[35m (0.1ms)[0m  [1m[34mSELECT sqlite_version(*)[0m
Processing by UsersController#show as HTML
  Parameters: {"id"=>"2"}
  [1m[36mUser Load (0.2ms)[0m  [1m[34mSELECT "users".* FROM "users" WHERE "users"."id" = ? LIMIT ?[0m  [["id", 2], ["LIMIT", 1]]
  ↳ app/controllers/users_controller.rb:4:in `show'
[active_model_serializers]   [1m[36mPlaylist Load (0.1ms)[0m  [1m[34mSELECT "playlists".* FROM "playlists" WHERE "playlists"."user_id" = ?[0m  [["user_id", 2]]
[active_model_serializers]   ↳ app/serializers/user_serializer.rb:14:in `map'
[active_model_serializers]   [1m[36mTrack Load (0.2ms)[0m  [1m[34mSELECT "tracks".* FROM "tracks" INNER JOIN "track_playlists" ON "tracks"."id" = "track_playlists"."track_id" WHERE "track_playlists"."playlist_id" = ?[0m  [["playlist_id", 1]]
[active_model_serializers]   ↳ app/controllers/users_controller.rb:5:in `show'
[active_model_serializers] Rendered UserSerializer with ActiveModelSerializers::Adapter::Attributes (40.78ms)
Completed 200 OK in 55ms (Views: 40.7ms | ActiveRecord: 3.2ms | Allocations: 21482)


Started GET "/users/" for ::1 at 2020-03-03 07:46:51 +0000
  
AbstractController::ActionNotFound (The action 'index' could not be found for UsersController):
  
actionpack (6.0.2.1) lib/abstract_controller/base.rb:131:in `process'
actionpack (6.0.2.1) lib/action_controller/metal.rb:191:in `dispatch'
actionpack (6.0.2.1) lib/action_controller/metal.rb:252:in `dispatch'
actionpack (6.0.2.1) lib/action_dispatch/routing/route_set.rb:51:in `dispatch'
actionpack (6.0.2.1) lib/action_dispatch/routing/route_set.rb:33:in `serve'
actionpack (6.0.2.1) lib/action_dispatch/journey/router.rb:49:in `block in serve'
actionpack (6.0.2.1) lib/action_dispatch/journey/router.rb:32:in `each'
actionpack (6.0.2.1) lib/action_dispatch/journey/router.rb:32:in `serve'
actionpack (6.0.2.1) lib/action_dispatch/routing/route_set.rb:837:in `call'
rack (2.2.2) lib/rack/etag.rb:27:in `call'
rack (2.2.2) lib/rack/conditional_get.rb:27:in `call'
rack (2.2.2) lib/rack/head.rb:12:in `call'
activerecord (6.0.2.1) lib/active_record/migration.rb:567:in `call'
actionpack (6.0.2.1) lib/action_dispatch/middleware/callbacks.rb:27:in `block in call'
activesupport (6.0.2.1) lib/active_support/callbacks.rb:101:in `run_callbacks'
actionpack (6.0.2.1) lib/action_dispatch/middleware/callbacks.rb:26:in `call'
actionpack (6.0.2.1) lib/action_dispatch/middleware/executor.rb:14:in `call'
actionpack (6.0.2.1) lib/action_dispatch/middleware/actionable_exceptions.rb:17:in `call'
actionpack (6.0.2.1) lib/action_dispatch/middleware/debug_exceptions.rb:32:in `call'
actionpack (6.0.2.1) lib/action_dispatch/middleware/show_exceptions.rb:33:in `call'
railties (6.0.2.1) lib/rails/rack/logger.rb:38:in `call_app'
railties (6.0.2.1) lib/rails/rack/logger.rb:26:in `block in call'
activesupport (6.0.2.1) lib/active_support/tagged_logging.rb:80:in `block in tagged'
activesupport (6.0.2.1) lib/active_support/tagged_logging.rb:28:in `tagged'
activesupport (6.0.2.1) lib/active_support/tagged_logging.rb:80:in `tagged'
railties (6.0.2.1) lib/rails/rack/logger.rb:26:in `call'
actionpack (6.0.2.1) lib/action_dispatch/middleware/remote_ip.rb:81:in `call'
actionpack (6.0.2.1) lib/action_dispatch/middleware/request_id.rb:27:in `call'
rack (2.2.2) lib/rack/runtime.rb:22:in `call'
activesupport (6.0.2.1) lib/active_support/cache/strategy/local_cache_middleware.rb:29:in `call'
actionpack (6.0.2.1) lib/action_dispatch/middleware/executor.rb:14:in `call'
actionpack (6.0.2.1) lib/action_dispatch/middleware/static.rb:126:in `call'
rack (2.2.2) lib/rack/sendfile.rb:110:in `call'
actionpack (6.0.2.1) lib/action_dispatch/middleware/host_authorization.rb:83:in `call'
rack-cors (1.1.1) lib/rack/cors.rb:100:in `call'
rack-cors (1.1.1) lib/rack/cors.rb:100:in `call'
railties (6.0.2.1) lib/rails/engine.rb:526:in `call'
puma (4.3.3) lib/puma/configuration.rb:228:in `call'
puma (4.3.3) lib/puma/server.rb:682:in `handle_request'
puma (4.3.3) lib/puma/server.rb:472:in `process_client'
puma (4.3.3) lib/puma/server.rb:328:in `block in run'
puma (4.3.3) lib/puma/thread_pool.rb:134:in `block in spawn_thread'
Started GET "/users/Jeff" for ::1 at 2020-03-03 07:46:55 +0000
Processing by UsersController#show as */*
  Parameters: {"id"=>"Jeff"}
  [1m[36mUser Load (0.2ms)[0m  [1m[34mSELECT "users".* FROM "users" WHERE "users"."id" = ? LIMIT ?[0m  [["id", nil], ["LIMIT", 1]]
  ↳ app/controllers/users_controller.rb:4:in `show'
[active_model_serializers] Rendered ActiveModel::Serializer::Null with Class (0.1ms)
Completed 200 OK in 3ms (Views: 1.0ms | ActiveRecord: 0.2ms | Allocations: 780)


Started GET "/" for ::1 at 2020-03-03 07:50:07 +0000
Processing by Rails::WelcomeController#index as HTML
  Rendering /home/wojciech/.rvm/gems/ruby-2.6.1/ruby/2.6.0/gems/railties-6.0.2.1/lib/rails/templates/rails/welcome/index.html.erb
  Rendered /home/wojciech/.rvm/gems/ruby-2.6.1/ruby/2.6.0/gems/railties-6.0.2.1/lib/rails/templates/rails/welcome/index.html.erb (Duration: 9.4ms | Allocations: 195)
Completed 200 OK in 12ms (Views: 10.6ms | ActiveRecord: 0.0ms | Allocations: 730)


Started GET "/users/" for ::1 at 2020-03-03 08:01:34 +0000
  [1m[35m (0.1ms)[0m  [1m[34mSELECT sqlite_version(*)[0m
Processing by UsersController#index as HTML
  [1m[36mUser Load (0.2ms)[0m  [1m[34mSELECT "users".* FROM "users"[0m
  ↳ app/controllers/users_controller.rb:10:in `index'
[active_model_serializers]   [1m[36mPlaylist Load (0.3ms)[0m  [1m[34mSELECT "playlists".* FROM "playlists" WHERE "playlists"."user_id" = ?[0m  [["user_id", 2]]
[active_model_serializers]   ↳ app/serializers/user_serializer.rb:14:in `map'
[active_model_serializers]   [1m[36mTrack Load (0.2ms)[0m  [1m[34mSELECT "tracks".* FROM "tracks" INNER JOIN "track_playlists" ON "tracks"."id" = "track_playlists"."track_id" WHERE "track_playlists"."playlist_id" = ?[0m  [["playlist_id", 1]]
[active_model_serializers]   ↳ app/controllers/users_controller.rb:10:in `index'
[active_model_serializers] Rendered ActiveModel::Serializer::CollectionSerializer with ActiveModelSerializers::Adapter::Attributes (44.56ms)
Completed 200 OK in 57ms (Views: 54.1ms | ActiveRecord: 0.8ms | Allocations: 20377)


Started GET "/users/Jeff" for ::1 at 2020-03-03 08:01:49 +0000
Processing by UsersController#show as */*
  Parameters: {"id"=>"Jeff"}
  [1m[36mUser Load (0.9ms)[0m  [1m[34mSELECT "users".* FROM "users" WHERE "users"."id" = ? LIMIT ?[0m  [["id", nil], ["LIMIT", 1]]
  ↳ app/controllers/users_controller.rb:4:in `show'
[active_model_serializers] Rendered ActiveModel::Serializer::Null with Class (0.07ms)
Completed 200 OK in 4ms (Views: 0.9ms | ActiveRecord: 0.9ms | Allocations: 891)


Started GET "/users/" for ::1 at 2020-03-03 08:56:38 +0000
  [1m[35m (0.2ms)[0m  [1m[34mSELECT sqlite_version(*)[0m
Processing by UsersController#index as */*
  [1m[36mUser Load (0.5ms)[0m  [1m[34mSELECT "users".* FROM "users"[0m
  ↳ app/controllers/users_controller.rb:10:in `index'
[active_model_serializers]   [1m[36mPlaylist Load (0.4ms)[0m  [1m[34mSELECT "playlists".* FROM "playlists" WHERE "playlists"."user_id" = ?[0m  [["user_id", 2]]
[active_model_serializers]   ↳ app/serializers/user_serializer.rb:14:in `map'
[active_model_serializers]   [1m[36mTrack Load (0.4ms)[0m  [1m[34mSELECT "tracks".* FROM "tracks" INNER JOIN "track_playlists" ON "tracks"."id" = "track_playlists"."track_id" WHERE "track_playlists"."playlist_id" = ?[0m  [["playlist_id", 1]]
[active_model_serializers]   ↳ app/controllers/users_controller.rb:10:in `index'
[active_model_serializers] Rendered ActiveModel::Serializer::CollectionSerializer with ActiveModelSerializers::Adapter::Attributes (7.75ms)
Completed 200 OK in 12ms (Views: 10.3ms | ActiveRecord: 1.4ms | Allocations: 3343)


